[2026-04-11 16:09:01] [INFO] Mission Control API Service Starting...
[2026-04-11 16:09:01] [INFO] Port: 8080
[2026-04-11 16:09:01] [INFO] Log Directory: C:\Users\admin\.openclaw\workspace\logs\mission-control
[2026-04-11 16:09:01] [INFO] Starting server (restart #0)...
[2026-04-11 16:09:02] [INFO] Server error: This command cannot be run due to the error: The operation attempted is not supported.
[2026-04-11 16:09:02] [WARN] Server process exited unexpectedly
[2026-04-11 16:09:02] [WARN] Restarting in 5 seconds... (restart #1)
[2026-04-11 16:09:07] [INFO] Starting server (restart #1)...
[2026-04-11 16:09:07] [ERROR] Server crashed: Cannot convert argument "1", with value: "4/11/2026 4:09:07 PM", for "op_Addition" to type "System.TimeSpan": "Cannot convert value "4/11/2026 4:09:07 PM" to type "System.TimeSpan". Error: "Invalid cast from 'System.DateTime' to 'System.TimeSpan'.""
[2026-04-11 16:09:07] [WARN] Restarting in 5 seconds... (restart #2)
[2026-04-11 16:09:12] [INFO] Starting server (restart #2)...
[2026-04-11 16:09:12] [ERROR] Server crashed: Cannot convert argument "1", with value: "4/11/2026 4:09:12 PM", for "op_Addition" to type "System.TimeSpan": "Cannot convert value "4/11/2026 4:09:12 PM" to type "System.TimeSpan". Error: "Invalid cast from 'System.DateTime' to 'System.TimeSpan'.""
[2026-04-11 16:09:12] [WARN] Restarting in 5 seconds... (restart #3)
[2026-04-11 16:09:17] [INFO] Starting server (restart #3)...
[2026-04-11 16:09:17] [ERROR] Server crashed: Cannot convert argument "1", with value: "4/11/2026 4:09:17 PM", for "op_Addition" to type "System.TimeSpan": "Cannot convert value "4/11/2026 4:09:17 PM" to type "System.TimeSpan". Error: "Invalid cast from 'System.DateTime' to 'System.TimeSpan'.""
[2026-04-11 16:09:17] [WARN] Restarting in 5 seconds... (restart #4)
[2026-04-11 16:09:22] [INFO] Starting server (restart #4)...
[2026-04-11 16:09:22] [ERROR] Server crashed: Cannot convert argument "1", with value: "4/11/2026 4:09:22 PM", for "op_Addition" to type "System.TimeSpan": "Cannot convert value "4/11/2026 4:09:22 PM" to type "System.TimeSpan". Error: "Invalid cast from 'System.DateTime' to 'System.TimeSpan'.""
[2026-04-11 16:09:22] [WARN] Restarting in 5 seconds... (restart #5)
[2026-04-11 16:09:27] [INFO] Starting server (restart #5)...
[2026-04-11 16:09:27] [ERROR] Server crashed: Cannot convert argument "1", with value: "4/11/2026 4:09:27 PM", for "op_Addition" to type "System.TimeSpan": "Cannot convert value "4/11/2026 4:09:27 PM" to type "System.TimeSpan". Error: "Invalid cast from 'System.DateTime' to 'System.TimeSpan'.""
[2026-04-11 16:09:27] [WARN] Restarting in 5 seconds... (restart #6)
[2026-04-11 16:09:32] [INFO] Starting server (restart #6)...
[2026-04-11 16:09:32] [ERROR] Server crashed: Cannot convert argument "1", with value: "4/11/2026 4:09:32 PM", for "op_Addition" to type "System.TimeSpan": "Cannot convert value "4/11/2026 4:09:32 PM" to type "System.TimeSpan". Error: "Invalid cast from 'System.DateTime' to 'System.TimeSpan'.""
[2026-04-11 16:09:32] [WARN] Restarting in 5 seconds... (restart #7)
[2026-04-11 16:09:37] [INFO] Starting server (restart #7)...
[2026-04-11 16:09:37] [ERROR] Server crashed: Cannot convert argument "1", with value: "4/11/2026 4:09:37 PM", for "op_Addition" to type "System.TimeSpan": "Cannot convert value "4/11/2026 4:09:37 PM" to type "System.TimeSpan". Error: "Invalid cast from 'System.DateTime' to 'System.TimeSpan'.""
[2026-04-11 16:09:37] [WARN] Restarting in 5 seconds... (restart #8)
[2026-04-11 16:09:42] [INFO] Starting server (restart #8)...
[2026-04-11 16:09:42] [ERROR] Server crashed: Cannot convert argument "1", with value: "4/11/2026 4:09:42 PM", for "op_Addition" to type "System.TimeSpan": "Cannot convert value "4/11/2026 4:09:42 PM" to type "System.TimeSpan". Error: "Invalid cast from 'System.DateTime' to 'System.TimeSpan'.""
[2026-04-11 16:09:42] [WARN] Restarting in 5 seconds... (restart #9)
[2026-04-11 16:09:47] [INFO] Starting server (restart #9)...
[2026-04-11 16:09:47] [ERROR] Server crashed: Cannot convert argument "1", with value: "4/11/2026 4:09:47 PM", for "op_Addition" to type "System.TimeSpan": "Cannot convert value "4/11/2026 4:09:47 PM" to type "System.TimeSpan". Error: "Invalid cast from 'System.DateTime' to 'System.TimeSpan'.""
[2026-04-11 16:09:47] [WARN] Restarting in 5 seconds... (restart #10)
[2026-04-11 16:09:52] [INFO] Starting server (restart #10)...
[2026-04-11 16:09:52] [ERROR] Server crashed: Cannot convert argument "1", with value: "4/11/2026 4:09:52 PM", for "op_Addition" to type "System.TimeSpan": "Cannot convert value "4/11/2026 4:09:52 PM" to type "System.TimeSpan". Error: "Invalid cast from 'System.DateTime' to 'System.TimeSpan'.""
[2026-04-11 16:09:52] [WARN] Restarting in 5 seconds... (restart #11)
[2026-04-11 16:09:57] [INFO] Starting server (restart #11)...
[2026-04-11 16:09:57] [ERROR] Server crashed: Cannot convert argument "1", with value: "4/11/2026 4:09:57 PM", for "op_Addition" to type "System.TimeSpan": "Cannot convert value "4/11/2026 4:09:57 PM" to type "System.TimeSpan". Error: "Invalid cast from 'System.DateTime' to 'System.TimeSpan'.""
[2026-04-11 16:09:57] [WARN] Restarting in 5 seconds... (restart #12)
[2026-04-11 16:10:02] [INFO] Starting server (restart #12)...
[2026-04-11 16:10:02] [ERROR] Server crashed: Cannot convert argument "1", with value: "4/11/2026 4:10:02 PM", for "op_Addition" to type "System.TimeSpan": "Cannot convert value "4/11/2026 4:10:02 PM" to type "System.TimeSpan". Error: "Invalid cast from 'System.DateTime' to 'System.TimeSpan'.""
[2026-04-11 16:10:02] [WARN] Restarting in 5 seconds... (restart #13)
